[debug] [2021-03-26T07:09:09.592Z] ----------------------------------------------------------------------
[debug] [2021-03-26T07:09:09.601Z] Command:       C:\Program Files\nodejs\node.exe C:\Users\91620\AppData\Roaming\npm\node_modules\firebase-tools\lib\bin\firebase.js init
[debug] [2021-03-26T07:09:09.602Z] CLI Version:   9.8.0
[debug] [2021-03-26T07:09:09.603Z] Platform:      win32
[debug] [2021-03-26T07:09:09.603Z] Node Version:  v15.12.0
[debug] [2021-03-26T07:09:09.607Z] Time:          Fri Mar 26 2021 12:39:09 GMT+0530 (India Standard Time)
[debug] [2021-03-26T07:09:09.608Z] ----------------------------------------------------------------------
[debug] 
[debug] [2021-03-26T07:09:09.623Z] > command requires scopes: ["email","openid","https://www.googleapis.com/auth/cloudplatformprojects.readonly","https://www.googleapis.com/auth/firebase","https://www.googleapis.com/auth/cloud-platform"]
[debug] [2021-03-26T07:09:09.624Z] > authorizing via signed-in user
[info] 
     ######## #### ########  ######## ########     ###     ######  ########
     ##        ##  ##     ## ##       ##     ##  ##   ##  ##       ##
     ######    ##  ########  ######   ########  #########  ######  ######
     ##        ##  ##    ##  ##       ##     ## ##     ##       ## ##
     ##       #### ##     ## ######## ########  ##     ##  ######  ########

You're about to initialize a Firebase project in this directory:

  C:\Users\91620\Desktop\allReact\keeper

[info] 
=== Project Setup
[info] 
[info] First, let's associate this project directory with a Firebase project.
[info] You can create multiple project aliases by running firebase use --add, 
[info] but for now we'll just set up a default project.
[info] 
[debug] [2021-03-26T07:09:34.519Z] >>> [apiv2][query] GET https://firebase.googleapis.com/v1beta1/projects pageSize=100
[debug] [2021-03-26T07:09:35.117Z] <<< [apiv2][status] GET https://firebase.googleapis.com/v1beta1/projects 200
[debug] [2021-03-26T07:09:35.117Z] <<< [apiv2][body] GET https://firebase.googleapis.com/v1beta1/projects [omitted]
[info] i  Using project biz-intelligence-f80ca (biz-intelligence) 
[info] 
=== Hosting Setup
[info] 
[info] Your public directory is the folder (relative to your project directory) that
[info] will contain Hosting assets to be uploaded with firebase deploy. If you
[info] have a build process for your assets, use your build's output directory.
[info] 
[debug] [2021-03-26T07:10:05.514Z] >>> [apiv2][query] GET https://www.gstatic.com/firebasejs/releases.json [none]
[debug] [2021-03-26T07:10:05.662Z] <<< [apiv2][status] GET https://www.gstatic.com/firebasejs/releases.json 200
[debug] [2021-03-26T07:10:05.663Z] <<< [apiv2][body] GET https://www.gstatic.com/firebasejs/releases.json {"current":{"version":"8.3.1","browserURL":"https://www.gstatic.com/firebasejs/8.3.1/firebase.js","packageURL":"https://www.gstatic.com/firebasejs/8.3.1/firebase.tgz"},"live":{"version":"8.3","browserURL":"https://www.gstatic.com/firebasejs/live/8.3/firebase.js","packageURL":"https://www.gstatic.com/firebasejs/live/8.3/firebase.tgz"},"components":{"analytics":"https://www.gstatic.com/firebasejs/8.3.1/firebase-analytics.js","app":"https://www.gstatic.com/firebasejs/8.3.1/firebase-app.js","auth":"https://www.gstatic.com/firebasejs/8.3.1/firebase-auth.js","database":"https://www.gstatic.com/firebasejs/8.3.1/firebase-database.js","firestore":"https://www.gstatic.com/firebasejs/8.3.1/firebase-firestore.js","functions":"https://www.gstatic.com/firebasejs/8.3.1/firebase-functions.js","installations":"https://www.gstatic.com/firebasejs/8.3.1/firebase-installations.js","messaging":"https://www.gstatic.com/firebasejs/8.3.1/firebase-messaging.js","storage":"https://www.gstatic.com/firebasejs/8.3.1/firebase-storage.js","performance":"https://www.gstatic.com/firebasejs/8.3.1/firebase-performance.js","remote-config":"https://www.gstatic.com/firebasejs/8.3.1/firebase-remote-config.js","firestore.memory":"https://www.gstatic.com/firebasejs/8.3.1/firebase-firestore.memory.js"}}
[info] i  Skipping write of build/index.html 
[info] 
[info] i  Didn't detect a .git folder. Assuming C:\Users\91620\Desktop\allReact\keeper is the project root. 
[info] i  Authorizing with GitHub to upload your service account to a GitHub repository's secrets store. 
[info] 
[info] Visit this URL on this device to log in:
[info] https://github.com/login/oauth/authorize?client_id=89cf50f02ac6aaed3484&state=416005172&redirect_uri=http%3A%2F%2Flocalhost%3A9005&scope=read%3Auser%20repo%20public_repo
[info] 
[info] Waiting for authentication...
[debug] [2021-03-26T07:10:10.097Z] >>> HTTP REQUEST POST https://github.com/login/oauth/access_token  
 {"client_id":"89cf50f02ac6aaed3484","client_secret":"3330d14abc895d9a74d5f17cd7a00711fa2c5bf0","code":"ba0085a6564b2651723a","redirect_uri":"http://localhost:9005","state":"416005172"}
[debug] [2021-03-26T07:10:10.488Z] <<< HTTP RESPONSE 200 {"server":"GitHub.com","date":"Fri, 26 Mar 2021 07:10:13 GMT","content-type":"application/json; charset=utf-8","transfer-encoding":"chunked","vary":"X-PJAX, Accept-Encoding, Accept, X-Requested-With","etag":"W/\"f8ab3b72c252538f99689395cff1aa6b\"","cache-control":"max-age=0, private, must-revalidate","strict-transport-security":"max-age=31536000; includeSubdomains; preload","x-frame-options":"deny","x-content-type-options":"nosniff","x-xss-protection":"0","referrer-policy":"origin-when-cross-origin, strict-origin-when-cross-origin","expect-ct":"max-age=2592000, report-uri=\"https://api.github.com/_private/browser/errors\"","content-security-policy":"default-src 'none'; base-uri 'self'; block-all-mixed-content; connect-src 'self' uploads.github.com www.githubstatus.com collector.githubapp.com api.github.com github-cloud.s3.amazonaws.com github-production-repository-file-5c1aeb.s3.amazonaws.com github-production-upload-manifest-file-7fdce7.s3.amazonaws.com github-production-user-asset-6210df.s3.amazonaws.com cdn.optimizely.com logx.optimizely.com/v1/events wss://alive.github.com; font-src github.githubassets.com; form-action 'self' github.com gist.github.com; frame-ancestors 'none'; frame-src render.githubusercontent.com; img-src 'self' data: github.githubassets.com identicons.github.com collector.githubapp.com github-cloud.s3.amazonaws.com secured-user-images.githubusercontent.com/ *.githubusercontent.com; manifest-src 'self'; media-src 'none'; script-src github.githubassets.com; style-src 'unsafe-inline' github.githubassets.com; worker-src github.com/socket-worker-6832eced.js gist.github.com/socket-worker-6832eced.js","x-github-request-id":"E046:1E1A:003A:01DC:605D88D5"}
[debug] [2021-03-26T07:10:10.491Z] >>> [apiv2][query] GET https://api.github.com/user [none]
[debug] [2021-03-26T07:10:10.869Z] <<< [apiv2][status] GET https://api.github.com/user 200
[debug] [2021-03-26T07:10:10.869Z] <<< [apiv2][body] GET https://api.github.com/user {"login":"consciousprogramer","id":39397286,"node_id":"MDQ6VXNlcjM5Mzk3Mjg2","avatar_url":"https://avatars.githubusercontent.com/u/39397286?v=4","gravatar_id":"","url":"https://api.github.com/users/consciousprogramer","html_url":"https://github.com/consciousprogramer","followers_url":"https://api.github.com/users/consciousprogramer/followers","following_url":"https://api.github.com/users/consciousprogramer/following{/other_user}","gists_url":"https://api.github.com/users/consciousprogramer/gists{/gist_id}","starred_url":"https://api.github.com/users/consciousprogramer/starred{/owner}{/repo}","subscriptions_url":"https://api.github.com/users/consciousprogramer/subscriptions","organizations_url":"https://api.github.com/users/consciousprogramer/orgs","repos_url":"https://api.github.com/users/consciousprogramer/repos","events_url":"https://api.github.com/users/consciousprogramer/events{/privacy}","received_events_url":"https://api.github.com/users/consciousprogramer/received_events","type":"User","site_admin":false,"name":"Rohit Kumar","company":"Webnext.tech","blog":"https://webnext.tech","location":"India","email":null,"hireable":null,"bio":"😀Fullstack web developer, currently learning to create high-quality PWA's, I use javascript, React, Tailwind for frontend & Django, Nodejs,Firebase for backend","twitter_username":null,"public_repos":23,"public_gists":1,"followers":0,"following":1,"created_at":"2018-05-18T05:16:19Z","updated_at":"2021-03-20T06:34:40Z","private_gists":1,"total_private_repos":0,"owned_private_repos":0,"disk_usage":29151,"collaborators":0,"two_factor_authentication":false,"plan":{"name":"free","space":976562499,"collaborators":0,"private_repos":10000}}
[info] 
[info] +  Success! Logged into GitHub as consciousprogramer 
[info] 
